glew32s.lib(glew.obj) : warning LNK4099: PDB '' was not found with 'glew32s.lib(glew.obj)' or at ''; linking object as if no debug info
LINK : warning LNK4098: defaultlib 'MSVCRT' conflicts with use of other libs; use /NODEFAULTLIB:library
LINK : warning LNK4098: defaultlib 'LIBCMT' conflicts with use of other libs; use /NODEFAULTLIB:library
LINK : warning LNK4217: symbol '__glewAttachShader' defined in 'glew32s.lib(glew.obj)' is imported by 'shader_handler.obj' in function '"public: __cdecl Shader::Shader(char const *,char const *)" (??0Shader@@QEAA@PEBD0@Z)'
LINK : warning LNK4217: symbol '__glewCompileShader' defined in 'glew32s.lib(glew.obj)' is imported by 'shader_handler.obj' in function '"public: __cdecl Shader::Shader(char const *,char const *)" (??0Shader@@QEAA@PEBD0@Z)'
LINK : warning LNK4217: symbol '__glewCreateProgram' defined in 'glew32s.lib(glew.obj)' is imported by 'shader_handler.obj' in function '"public: __cdecl Shader::Shader(char const *,char const *)" (??0Shader@@QEAA@PEBD0@Z)'
LINK : warning LNK4217: symbol '__glewCreateShader' defined in 'glew32s.lib(glew.obj)' is imported by 'shader_handler.obj' in function '"public: __cdecl Shader::Shader(char const *,char const *)" (??0Shader@@QEAA@PEBD0@Z)'
LINK : warning LNK4217: symbol '__glewDeleteShader' defined in 'glew32s.lib(glew.obj)' is imported by 'shader_handler.obj' in function '"public: __cdecl Shader::Shader(char const *,char const *)" (??0Shader@@QEAA@PEBD0@Z)'
LINK : warning LNK4217: symbol '__glewGetShaderInfoLog' defined in 'glew32s.lib(glew.obj)' is imported by 'shader_handler.obj' in function '"public: __cdecl Shader::Shader(char const *,char const *)" (??0Shader@@QEAA@PEBD0@Z)'
LINK : warning LNK4217: symbol '__glewGetShaderiv' defined in 'glew32s.lib(glew.obj)' is imported by 'shader_handler.obj' in function '"public: __cdecl Shader::Shader(char const *,char const *)" (??0Shader@@QEAA@PEBD0@Z)'
LINK : warning LNK4217: symbol '__glewGetUniformLocation' defined in 'glew32s.lib(glew.obj)' is imported by 'shader_handler.obj' in function '"public: void __cdecl Shader::setBool(class std::basic_string<char,struct std::char_traits<char>,class std::allocator<char> > const &,bool)const " (?setBool@Shader@@QEBAXAEBV?$basic_string@DU?$char_traits@D@std@@V?$allocator@D@2@@std@@_N@Z)'
LINK : warning LNK4217: symbol '__glewLinkProgram' defined in 'glew32s.lib(glew.obj)' is imported by 'shader_handler.obj' in function '"public: __cdecl Shader::Shader(char const *,char const *)" (??0Shader@@QEAA@PEBD0@Z)'
LINK : warning LNK4217: symbol '__glewShaderSource' defined in 'glew32s.lib(glew.obj)' is imported by 'shader_handler.obj' in function '"public: __cdecl Shader::Shader(char const *,char const *)" (??0Shader@@QEAA@PEBD0@Z)'
LINK : warning LNK4217: symbol '__glewUniform1f' defined in 'glew32s.lib(glew.obj)' is imported by 'shader_handler.obj' in function '"public: void __cdecl Shader::setFloat(class std::basic_string<char,struct std::char_traits<char>,class std::allocator<char> > const &,float)const " (?setFloat@Shader@@QEBAXAEBV?$basic_string@DU?$char_traits@D@std@@V?$allocator@D@2@@std@@M@Z)'
LINK : warning LNK4217: symbol '__glewUniform1i' defined in 'glew32s.lib(glew.obj)' is imported by 'shader_handler.obj' in function '"public: void __cdecl Shader::setBool(class std::basic_string<char,struct std::char_traits<char>,class std::allocator<char> > const &,bool)const " (?setBool@Shader@@QEBAXAEBV?$basic_string@DU?$char_traits@D@std@@V?$allocator@D@2@@std@@_N@Z)'
LINK : warning LNK4217: symbol '__glewUseProgram' defined in 'glew32s.lib(glew.obj)' is imported by 'shader_handler.obj' in function '"public: void __cdecl Shader::use(void)" (?use@Shader@@QEAAXXZ)'
LINK : warning LNK4217: symbol '__glewGenerateMipmap' defined in 'glew32s.lib(glew.obj)' is imported by 'texture_atlas.obj' in function '"public: __cdecl TextureAtlas::TextureAtlas(char const *,unsigned int)" (??0TextureAtlas@@QEAA@PEBDI@Z)'
LINK : warning LNK4217: symbol '__glewBindBuffer' defined in 'glew32s.lib(glew.obj)' is imported by 'chunk.obj' in function '"void __cdecl world::recalculate_chunk_mesh(struct world::Chunk *)" (?recalculate_chunk_mesh@world@@YAXPEAUChunk@1@@Z)'
LINK : warning LNK4217: symbol '__glewBufferData' defined in 'glew32s.lib(glew.obj)' is imported by 'chunk.obj' in function '"void __cdecl world::recalculate_chunk_mesh(struct world::Chunk *)" (?recalculate_chunk_mesh@world@@YAXPEAUChunk@1@@Z)'
LINK : warning LNK4217: symbol '__glewDeleteBuffers' defined in 'glew32s.lib(glew.obj)' is imported by 'chunk.obj' in function '"void __cdecl world::chunk_free(struct world::Chunk *)" (?chunk_free@world@@YAXPEAUChunk@1@@Z)'
LINK : warning LNK4217: symbol '__glewGenBuffers' defined in 'glew32s.lib(glew.obj)' is imported by 'chunk.obj' in function '"void __cdecl world::recalculate_chunk_mesh(struct world::Chunk *)" (?recalculate_chunk_mesh@world@@YAXPEAUChunk@1@@Z)'
LINK : warning LNK4217: symbol '__glewEnableVertexAttribArray' defined in 'glew32s.lib(glew.obj)' is imported by 'chunk.obj' in function '"void __cdecl world::recalculate_chunk_mesh(struct world::Chunk *)" (?recalculate_chunk_mesh@world@@YAXPEAUChunk@1@@Z)'
LINK : warning LNK4217: symbol '__glewVertexAttribPointer' defined in 'glew32s.lib(glew.obj)' is imported by 'chunk.obj' in function '"void __cdecl world::recalculate_chunk_mesh(struct world::Chunk *)" (?recalculate_chunk_mesh@world@@YAXPEAUChunk@1@@Z)'
LINK : warning LNK4217: symbol '__glewBindVertexArray' defined in 'glew32s.lib(glew.obj)' is imported by 'chunk.obj' in function '"void __cdecl world::recalculate_chunk_mesh(struct world::Chunk *)" (?recalculate_chunk_mesh@world@@YAXPEAUChunk@1@@Z)'
LINK : warning LNK4217: symbol '__glewDeleteVertexArrays' defined in 'glew32s.lib(glew.obj)' is imported by 'chunk.obj' in function '"void __cdecl world::chunk_free(struct world::Chunk *)" (?chunk_free@world@@YAXPEAUChunk@1@@Z)'
LINK : warning LNK4217: symbol '__glewGenVertexArrays' defined in 'glew32s.lib(glew.obj)' is imported by 'chunk.obj' in function '"void __cdecl world::recalculate_chunk_mesh(struct world::Chunk *)" (?recalculate_chunk_mesh@world@@YAXPEAUChunk@1@@Z)'
  VoxelGame.vcxproj -> C:\Users\Augustus\source\repos\VoxelGame\x64\Debug\VoxelGame.exe
